[34m[1mwandb[0m: [33mWARNING[0m No relevant files were detected in the specified directory. No code will be logged to your run.
Traceback (most recent call last):
  File "/Users/dganjali/Documents/GitHub/FinalCSP/reinforcement/tetris/train.py", line 251, in <module>
    envs = gym.vector.SyncVectorEnv(
  File "/Users/dganjali/.pyenv/versions/3.10.13/lib/python3.10/site-packages/gymnasium/vector/sync_vector_env.py", line 86, in __init__
    self.envs = [env_fn() for env_fn in env_fns]
  File "/Users/dganjali/.pyenv/versions/3.10.13/lib/python3.10/site-packages/gymnasium/vector/sync_vector_env.py", line 86, in <listcomp>
    self.envs = [env_fn() for env_fn in env_fns]
  File "/Users/dganjali/Documents/GitHub/FinalCSP/reinforcement/tetris/train.py", line 140, in thunk
    env = gym.wrappers.ResizeObservation(env, (84, 84))
  File "/Users/dganjali/.pyenv/versions/3.10.13/lib/python3.10/site-packages/gymnasium/wrappers/transform_observation.py", line 369, in __init__
    assert np.all(env.observation_space.low == 0) and np.all(
AssertionError
